<?xml version="1.0" encoding="UTF-8"?>
<testng-results skipped="0" failed="0" total="2" passed="2">
  <reporter-output>
  </reporter-output>
  <suite name="Cart page" duration-ms="62106" started-at="2017-03-20T13:02:30Z" finished-at="2017-03-20T13:03:32Z">
    <groups>
      <group name="Cart">
        <method signature="IGP_TC_095.test()[pri:0, instance:enh.web.tests.IGP_TC_095@73ee04c8]" name="test" class="enh.web.tests.IGP_TC_095"/>
        <method signature="IGP_TC_098.test()[pri:0, instance:enh.web.tests.IGP_TC_098@7671cb68]" name="test" class="enh.web.tests.IGP_TC_098"/>
      </group> <!-- Cart -->
    </groups>
    <test name="Cart page-Tests" duration-ms="62106" started-at="2017-03-20T13:02:30Z" finished-at="2017-03-20T13:03:32Z">
      <class name="enh.web.tests.IGP_TC_095">
        <test-method status="PASS" signature="test()[pri:0, instance:enh.web.tests.IGP_TC_095@73ee04c8]" name="test" duration-ms="21278" started-at="2017-03-20T18:32:35Z" description="Remove from cart.: Ensure that the user able to remove the item from the cart." finished-at="2017-03-20T18:32:56Z">
          <reporter-output>
          </reporter-output>
        </test-method> <!-- test -->
      </class> <!-- enh.web.tests.IGP_TC_095 -->
      <class name="enh.web.tests.IGP_TC_098">
        <test-method status="PASS" signature="test()[pri:0, instance:enh.web.tests.IGP_TC_098@7671cb68]" name="test" duration-ms="29198" started-at="2017-03-20T18:33:02Z" description="Cart is Empty: Ensure that user &#039;Cart Is Empty &#039; and &#039;Continue Shopping&#039; message is displaying when there are no items in the cart." finished-at="2017-03-20T18:33:31Z">
          <reporter-output>
          </reporter-output>
        </test-method> <!-- test -->
      </class> <!-- enh.web.tests.IGP_TC_098 -->
    </test> <!-- Cart page-Tests -->
  </suite> <!-- Cart page -->
  <suite name="Order Detail Page" duration-ms="0" started-at="2017-03-20T13:03:33Z" finished-at="2017-03-20T13:03:33Z">
    <groups>
    </groups>
    <test name="Order Detail Page-Tests" duration-ms="0" started-at="2017-03-20T13:03:33Z" finished-at="2017-03-20T13:03:33Z">
    </test> <!-- Order Detail Page-Tests -->
  </suite> <!-- Order Detail Page -->
</testng-results>
